[2023-08-09 23:31:08] [ ERROR] [OdontologoDaoH2:38] Table "ODONTOLOGOS" not found (this database is empty); SQL statement:
INSERT INTO ODONTOLOGOS(MATRICULA, NOMBRE, APELLIDO) VALUES (?, ?, ?) [42104-220]
[2023-08-09 23:31:59] [ ERROR] [OdontologoDaoH2:38] Table "ODONTOLOGOS" not found (this database is empty); SQL statement:
INSERT INTO ODONTOLOGOS(MATRICULA, NOMBRE, APELLIDO) VALUES (?, ?, ?) [42104-220]
[2023-08-09 23:32:08] [ ERROR] [OdontologoDaoH2:81] Table "ODONTOLOGOS" not found (this database is empty); SQL statement:
SELECT * FROM ODONTOLOGOS [42104-220]
[2023-08-09 23:33:12] [ ERROR] [OdontologoDaoH2:38] Table "ODONTOLOGOS" not found (this database is empty); SQL statement:
INSERT INTO ODONTOLOGOS(MATRICULA, NOMBRE, APELLIDO) VALUES (?, ?, ?) [42104-220]
[2023-08-09 23:33:26] [ ERROR] [OdontologoDaoH2:38] Table "ODONTOLOGOS" not found (this database is empty); SQL statement:
INSERT INTO ODONTOLOGOS(MATRICULA, NOMBRE, APELLIDO) VALUES (?, ?, ?) [42104-220]
[2023-08-09 23:35:14] [ ERROR] [OdontologoDaoH2:38] Table "ODONTOLOGOS" not found (this database is empty); SQL statement:
INSERT INTO ODONTOLOGOS(MATRICULA, NOMBRE, APELLIDO) VALUES (?, ?, ?) [42104-220]
[2023-08-09 23:35:30] [ ERROR] [OdontologoDaoH2:38] Table "ODONTOLOGOS" not found (this database is empty); SQL statement:
INSERT INTO ODONTOLOGOS(MATRICULA, NOMBRE, APELLIDO) VALUES (?, ?, ?) [42104-220]
[2023-08-09 23:37:41] [ ERROR] [OdontologoDaoH2:38] Table "ODONTOLOGOS" not found (this database is empty); SQL statement:
INSERT INTO ODONTOLOGOS(MATRICULA, NOMBRE, APELLIDO) VALUES (?, ?, ?) [42104-220]
[2023-08-09 23:44:27] [ ERROR] [OdontologoDaoH2:38] La base de datos puede que ya esté siendo utilizada: "C:/Users/Sebastian Ruiz/test.mv.db". Soluciones Posibles: cierre todas las otras conexiones; use el modo server
Database may be already in use: "C:/Users/Sebastian Ruiz/test.mv.db". Possible solutions: close all other connection(s); use the server mode [90020-220]
[2023-08-09 23:44:27] [ ERROR] [OdontologoDaoH2:54] Ocurrió un problema al intentar cerrar la base de datos. Cannot invoke "java.sql.Connection.close()" because "connection" is null
[2023-08-09 23:45:09] [ ERROR] [OdontologoDaoH2:38] La base de datos puede que ya esté siendo utilizada: "C:/Users/Sebastian Ruiz/test.mv.db". Soluciones Posibles: cierre todas las otras conexiones; use el modo server
Database may be already in use: "C:/Users/Sebastian Ruiz/test.mv.db". Possible solutions: close all other connection(s); use the server mode [90020-220]
[2023-08-09 23:45:09] [ ERROR] [OdontologoDaoH2:54] Ocurrió un problema al intentar cerrar la base de datos. Cannot invoke "java.sql.Connection.close()" because "connection" is null
[2023-08-09 23:47:07] [ ERROR] [OdontologoDaoH2:38] La base de datos puede que ya esté siendo utilizada: "C:/Users/Sebastian Ruiz/test.mv.db". Soluciones Posibles: cierre todas las otras conexiones; use el modo server
Database may be already in use: "C:/Users/Sebastian Ruiz/test.mv.db". Possible solutions: close all other connection(s); use the server mode [90020-220]
[2023-08-09 23:47:07] [ ERROR] [OdontologoDaoH2:54] Ocurrió un problema al intentar cerrar la base de datos. Cannot invoke "java.sql.Connection.close()" because "connection" is null
[2023-08-09 23:48:19] [ ERROR] [OdontologoDaoH2:38] La base de datos puede que ya esté siendo utilizada: "C:/Users/Sebastian Ruiz/test.mv.db". Soluciones Posibles: cierre todas las otras conexiones; use el modo server
Database may be already in use: "C:/Users/Sebastian Ruiz/test.mv.db". Possible solutions: close all other connection(s); use the server mode [90020-220]
[2023-08-09 23:48:19] [ ERROR] [OdontologoDaoH2:54] Ocurrió un problema al intentar cerrar la base de datos. Cannot invoke "java.sql.Connection.close()" because "connection" is null
[2023-08-09 23:51:11] [ ERROR] [OdontologoDaoH2:38] La base de datos puede que ya esté siendo utilizada: "C:/Users/Sebastian Ruiz/test.mv.db". Soluciones Posibles: cierre todas las otras conexiones; use el modo server
Database may be already in use: "C:/Users/Sebastian Ruiz/test.mv.db". Possible solutions: close all other connection(s); use the server mode [90020-220]
[2023-08-09 23:51:11] [ ERROR] [OdontologoDaoH2:54] Ocurrió un problema al intentar cerrar la base de datos. Cannot invoke "java.sql.Connection.close()" because "connection" is null
[2023-08-09 23:53:29] [ ERROR] [OdontologoDaoH2:38] Table "ODONTOLOGOS" not found (this database is empty); SQL statement:
INSERT INTO ODONTOLOGOS(MATRICULA, NOMBRE, APELLIDO) VALUES (?, ?, ?) [42104-220]
[2023-08-09 23:54:05] [ ERROR] [OdontologoDaoH2:38] Table "ODONTOLOGOS" not found (this database is empty); SQL statement:
INSERT INTO ODONTOLOGOS(MATRICULA, NOMBRE, APELLIDO) VALUES (?, ?, ?) [42104-220]
